{"/Users/alejandromartinpedraza/Downloads/TesteurLogiciel_appli_location_immobiliere_React-main/my-react-app/src/App.jsx": {"path":"/Users/alejandromartinpedraza/Downloads/TesteurLogiciel_appli_location_immobiliere_React-main/my-react-app/src/App.jsx","all":true,"statementMap":{"0":{"start":{"line":1,"column":0},"end":{"line":1,"column":64}},"1":{"start":{"line":2,"column":0},"end":{"line":2,"column":74}},"2":{"start":{"line":3,"column":0},"end":{"line":3,"column":48}},"3":{"start":{"line":4,"column":0},"end":{"line":4,"column":53}},"4":{"start":{"line":5,"column":0},"end":{"line":5,"column":68}},"5":{"start":{"line":6,"column":0},"end":{"line":6,"column":56}},"6":{"start":{"line":7,"column":0},"end":{"line":7,"column":56}},"7":{"start":{"line":8,"column":0},"end":{"line":8,"column":48}},"8":{"start":{"line":9,"column":0},"end":{"line":9,"column":19}},"9":{"start":{"line":10,"column":0},"end":{"line":10,"column":10}},"10":{"start":{"line":11,"column":0},"end":{"line":11,"column":12}},"11":{"start":{"line":12,"column":0},"end":{"line":12,"column":16}},"12":{"start":{"line":13,"column":0},"end":{"line":13,"column":11}},"13":{"start":{"line":14,"column":0},"end":{"line":14,"column":16}},"14":{"start":{"line":15,"column":0},"end":{"line":15,"column":51}},"15":{"start":{"line":16,"column":0},"end":{"line":16,"column":68}},"16":{"start":{"line":17,"column":0},"end":{"line":17,"column":57}},"17":{"start":{"line":18,"column":0},"end":{"line":18,"column":52}},"18":{"start":{"line":19,"column":0},"end":{"line":19,"column":17}},"19":{"start":{"line":20,"column":0},"end":{"line":20,"column":18}},"20":{"start":{"line":21,"column":0},"end":{"line":21,"column":12}},"24":{"start":{"line":25,"column":0},"end":{"line":25,"column":13}},"26":{"start":{"line":27,"column":0},"end":{"line":27,"column":2}},"28":{"start":{"line":29,"column":0},"end":{"line":29,"column":19}}},"s":{"0":0,"1":0,"2":0,"3":0,"4":0,"5":0,"6":0,"7":0,"8":0,"9":0,"10":0,"11":0,"12":0,"13":0,"14":0,"15":0,"16":0,"17":0,"18":0,"19":0,"20":0,"24":0,"26":0,"28":0},"branchMap":{"0":{"type":"branch","line":1,"loc":{"start":{"line":1,"column":525},"end":{"line":29,"column":-465}},"locations":[{"start":{"line":1,"column":525},"end":{"line":29,"column":-465}}]}},"b":{"0":[0]},"fnMap":{"0":{"name":"(empty-report)","decl":{"start":{"line":1,"column":525},"end":{"line":29,"column":-465}},"loc":{"start":{"line":1,"column":525},"end":{"line":29,"column":-465}},"line":1}},"f":{"0":0}}
,"/Users/alejandromartinpedraza/Downloads/TesteurLogiciel_appli_location_immobiliere_React-main/my-react-app/src/main.jsx": {"path":"/Users/alejandromartinpedraza/Downloads/TesteurLogiciel_appli_location_immobiliere_React-main/my-react-app/src/main.jsx","all":true,"statementMap":{"0":{"start":{"line":1,"column":0},"end":{"line":1,"column":64}},"1":{"start":{"line":2,"column":0},"end":{"line":2,"column":34}},"2":{"start":{"line":3,"column":0},"end":{"line":3,"column":45}},"3":{"start":{"line":4,"column":0},"end":{"line":4,"column":25}},"4":{"start":{"line":5,"column":0},"end":{"line":5,"column":27}},"6":{"start":{"line":7,"column":0},"end":{"line":7,"column":51}},"7":{"start":{"line":8,"column":0},"end":{"line":8,"column":14}},"8":{"start":{"line":9,"column":0},"end":{"line":9,"column":9}},"9":{"start":{"line":10,"column":0},"end":{"line":10,"column":13}},"10":{"start":{"line":11,"column":0},"end":{"line":11,"column":1}}},"s":{"0":0,"1":0,"2":0,"3":0,"4":0,"6":0,"7":0,"8":0,"9":0,"10":0},"branchMap":{"0":{"type":"branch","line":1,"loc":{"start":{"line":1,"column":270},"end":{"line":11,"column":-193}},"locations":[{"start":{"line":1,"column":270},"end":{"line":11,"column":-193}}]}},"b":{"0":[0]},"fnMap":{"0":{"name":"(empty-report)","decl":{"start":{"line":1,"column":270},"end":{"line":11,"column":-193}},"loc":{"start":{"line":1,"column":270},"end":{"line":11,"column":-193}},"line":1}},"f":{"0":0}}
,"/Users/alejandromartinpedraza/Downloads/TesteurLogiciel_appli_location_immobiliere_React-main/my-react-app/src/components/Collapse/Collapse.jsx": {"path":"/Users/alejandromartinpedraza/Downloads/TesteurLogiciel_appli_location_immobiliere_React-main/my-react-app/src/components/Collapse/Collapse.jsx","all":false,"statementMap":{"0":{"start":{"line":1,"column":0},"end":{"line":1,"column":34}},"1":{"start":{"line":2,"column":0},"end":{"line":2,"column":64}},"2":{"start":{"line":3,"column":0},"end":{"line":3,"column":35}},"3":{"start":{"line":4,"column":0},"end":{"line":4,"column":65}},"4":{"start":{"line":5,"column":0},"end":{"line":5,"column":48}},"7":{"start":{"line":8,"column":0},"end":{"line":8,"column":43}},"8":{"start":{"line":9,"column":0},"end":{"line":9,"column":48}},"10":{"start":{"line":11,"column":0},"end":{"line":11,"column":39}},"11":{"start":{"line":12,"column":0},"end":{"line":12,"column":27}},"12":{"start":{"line":13,"column":0},"end":{"line":13,"column":6}},"14":{"start":{"line":15,"column":0},"end":{"line":15,"column":12}},"15":{"start":{"line":16,"column":0},"end":{"line":16,"column":60}},"16":{"start":{"line":17,"column":0},"end":{"line":17,"column":72}},"17":{"start":{"line":18,"column":0},"end":{"line":18,"column":32}},"18":{"start":{"line":19,"column":0},"end":{"line":19,"column":21}},"19":{"start":{"line":20,"column":0},"end":{"line":20,"column":43}},"20":{"start":{"line":21,"column":0},"end":{"line":21,"column":58}},"21":{"start":{"line":22,"column":0},"end":{"line":22,"column":63}},"22":{"start":{"line":23,"column":0},"end":{"line":23,"column":18}},"23":{"start":{"line":24,"column":0},"end":{"line":24,"column":18}},"24":{"start":{"line":25,"column":0},"end":{"line":25,"column":24}},"25":{"start":{"line":26,"column":0},"end":{"line":26,"column":72}},"26":{"start":{"line":27,"column":0},"end":{"line":27,"column":30}},"27":{"start":{"line":28,"column":0},"end":{"line":28,"column":22}},"29":{"start":{"line":30,"column":0},"end":{"line":30,"column":14}},"31":{"start":{"line":32,"column":0},"end":{"line":32,"column":2}},"33":{"start":{"line":34,"column":0},"end":{"line":34,"column":22}},"34":{"start":{"line":35,"column":0},"end":{"line":35,"column":39}},"35":{"start":{"line":36,"column":0},"end":{"line":36,"column":40}},"36":{"start":{"line":37,"column":0},"end":{"line":37,"column":2}},"38":{"start":{"line":39,"column":0},"end":{"line":39,"column":24}}},"s":{"0":1,"1":1,"2":1,"3":1,"4":1,"7":1,"8":2,"10":2,"11":1,"12":1,"14":2,"15":2,"16":2,"17":2,"18":2,"19":2,"20":2,"21":2,"22":2,"23":2,"24":2,"25":1,"26":1,"27":1,"29":2,"31":2,"33":1,"34":1,"35":1,"36":1,"38":1},"branchMap":{"0":{"type":"branch","line":8,"loc":{"start":{"line":8,"column":17},"end":{"line":32,"column":2}},"locations":[{"start":{"line":8,"column":17},"end":{"line":32,"column":2}}]},"1":{"type":"branch","line":16,"loc":{"start":{"line":16,"column":36},"end":{"line":16,"column":54}},"locations":[{"start":{"line":16,"column":36},"end":{"line":16,"column":54}}]},"2":{"type":"branch","line":16,"loc":{"start":{"line":16,"column":45},"end":{"line":16,"column":56}},"locations":[{"start":{"line":16,"column":45},"end":{"line":16,"column":56}}]},"3":{"type":"branch","line":22,"loc":{"start":{"line":22,"column":40},"end":{"line":22,"column":58}},"locations":[{"start":{"line":22,"column":40},"end":{"line":22,"column":58}}]},"4":{"type":"branch","line":22,"loc":{"start":{"line":22,"column":49},"end":{"line":22,"column":60}},"locations":[{"start":{"line":22,"column":49},"end":{"line":22,"column":60}}]},"5":{"type":"branch","line":25,"loc":{"start":{"line":25,"column":13},"end":{"line":28,"column":22}},"locations":[{"start":{"line":25,"column":13},"end":{"line":28,"column":22}}]},"6":{"type":"branch","line":26,"loc":{"start":{"line":26,"column":54},"end":{"line":26,"column":68}},"locations":[{"start":{"line":26,"column":54},"end":{"line":26,"column":68}}]},"7":{"type":"branch","line":11,"loc":{"start":{"line":11,"column":32},"end":{"line":13,"column":6}},"locations":[{"start":{"line":11,"column":32},"end":{"line":13,"column":6}}]}},"b":{"0":[2],"1":[1],"2":[1],"3":[1],"4":[1],"5":[1],"6":[0],"7":[1]},"fnMap":{"0":{"name":"Collapse","decl":{"start":{"line":8,"column":17},"end":{"line":32,"column":2}},"loc":{"start":{"line":8,"column":17},"end":{"line":32,"column":2}},"line":8},"1":{"name":"handleFilterOpening","decl":{"start":{"line":11,"column":32},"end":{"line":13,"column":6}},"loc":{"start":{"line":11,"column":32},"end":{"line":13,"column":6}},"line":11}},"f":{"0":2,"1":1}}
,"/Users/alejandromartinpedraza/Downloads/TesteurLogiciel_appli_location_immobiliere_React-main/my-react-app/src/components/carrousel/Carrousel.jsx": {"path":"/Users/alejandromartinpedraza/Downloads/TesteurLogiciel_appli_location_immobiliere_React-main/my-react-app/src/components/carrousel/Carrousel.jsx","all":false,"statementMap":{"0":{"start":{"line":1,"column":0},"end":{"line":1,"column":64}},"2":{"start":{"line":3,"column":0},"end":{"line":3,"column":35}},"3":{"start":{"line":4,"column":0},"end":{"line":4,"column":51}},"4":{"start":{"line":5,"column":0},"end":{"line":5,"column":53}},"5":{"start":{"line":6,"column":0},"end":{"line":6,"column":44}},"6":{"start":{"line":7,"column":0},"end":{"line":7,"column":49}},"19":{"start":{"line":20,"column":0},"end":{"line":20,"column":33}},"30":{"start":{"line":31,"column":0},"end":{"line":31,"column":56}},"31":{"start":{"line":32,"column":0},"end":{"line":32,"column":71}},"41":{"start":{"line":42,"column":0},"end":{"line":42,"column":29}},"42":{"start":{"line":43,"column":0},"end":{"line":43,"column":94}},"43":{"start":{"line":44,"column":0},"end":{"line":44,"column":6}},"44":{"start":{"line":45,"column":0},"end":{"line":45,"column":21}},"45":{"start":{"line":46,"column":0},"end":{"line":46,"column":23}},"47":{"start":{"line":48,"column":0},"end":{"line":48,"column":57}},"48":{"start":{"line":49,"column":0},"end":{"line":49,"column":54}},"49":{"start":{"line":50,"column":0},"end":{"line":50,"column":46}},"50":{"start":{"line":51,"column":0},"end":{"line":51,"column":9}},"52":{"start":{"line":53,"column":0},"end":{"line":53,"column":22}},"53":{"start":{"line":54,"column":0},"end":{"line":54,"column":38}},"54":{"start":{"line":55,"column":0},"end":{"line":55,"column":10}},"56":{"start":{"line":57,"column":0},"end":{"line":57,"column":11}},"62":{"start":{"line":63,"column":0},"end":{"line":63,"column":34}},"63":{"start":{"line":64,"column":0},"end":{"line":64,"column":42}},"64":{"start":{"line":65,"column":0},"end":{"line":65,"column":6}},"72":{"start":{"line":73,"column":0},"end":{"line":73,"column":33}},"73":{"start":{"line":74,"column":0},"end":{"line":74,"column":94}},"74":{"start":{"line":75,"column":0},"end":{"line":75,"column":25}},"75":{"start":{"line":76,"column":0},"end":{"line":76,"column":6}},"84":{"start":{"line":85,"column":0},"end":{"line":85,"column":29}},"85":{"start":{"line":86,"column":0},"end":{"line":86,"column":94}},"86":{"start":{"line":87,"column":0},"end":{"line":87,"column":25}},"87":{"start":{"line":88,"column":0},"end":{"line":88,"column":6}},"92":{"start":{"line":93,"column":0},"end":{"line":93,"column":35}},"93":{"start":{"line":94,"column":0},"end":{"line":94,"column":47}},"95":{"start":{"line":96,"column":0},"end":{"line":96,"column":118}},"100":{"start":{"line":101,"column":0},"end":{"line":101,"column":84}},"104":{"start":{"line":105,"column":0},"end":{"line":105,"column":40}},"108":{"start":{"line":109,"column":0},"end":{"line":109,"column":43}},"115":{"start":{"line":116,"column":0},"end":{"line":116,"column":12}},"117":{"start":{"line":118,"column":0},"end":{"line":118,"column":44}},"118":{"start":{"line":119,"column":0},"end":{"line":119,"column":111}},"119":{"start":{"line":120,"column":0},"end":{"line":120,"column":31}},"120":{"start":{"line":121,"column":0},"end":{"line":121,"column":18}},"121":{"start":{"line":122,"column":0},"end":{"line":122,"column":132}},"122":{"start":{"line":123,"column":0},"end":{"line":123,"column":130}},"123":{"start":{"line":124,"column":0},"end":{"line":124,"column":19}},"125":{"start":{"line":126,"column":0},"end":{"line":126,"column":34}},"126":{"start":{"line":127,"column":0},"end":{"line":127,"column":115}},"128":{"start":{"line":129,"column":0},"end":{"line":129,"column":14}},"130":{"start":{"line":131,"column":0},"end":{"line":131,"column":2}},"138":{"start":{"line":139,"column":0},"end":{"line":139,"column":22}},"139":{"start":{"line":140,"column":0},"end":{"line":140,"column":60}},"140":{"start":{"line":141,"column":0},"end":{"line":141,"column":2}},"142":{"start":{"line":143,"column":0},"end":{"line":143,"column":25}}},"s":{"0":1,"2":1,"3":1,"4":1,"5":1,"6":1,"19":1,"30":8,"31":8,"41":8,"42":0,"43":0,"44":8,"45":3,"47":3,"48":3,"49":3,"50":3,"52":3,"53":3,"54":3,"56":8,"62":8,"63":2,"64":2,"72":8,"73":1,"74":1,"75":1,"84":8,"85":1,"86":1,"87":1,"92":8,"93":8,"95":8,"100":8,"104":8,"108":8,"115":8,"117":8,"118":8,"119":8,"120":8,"121":8,"122":8,"123":8,"125":8,"126":8,"128":8,"130":8,"138":1,"139":1,"140":1,"142":1},"branchMap":{"0":{"type":"branch","line":20,"loc":{"start":{"line":20,"column":18},"end":{"line":131,"column":2}},"locations":[{"start":{"line":20,"column":18},"end":{"line":131,"column":2}}]},"1":{"type":"branch","line":96,"loc":{"start":{"line":96,"column":74},"end":{"line":96,"column":118}},"locations":[{"start":{"line":96,"column":74},"end":{"line":96,"column":118}}]},"2":{"type":"branch","line":101,"loc":{"start":{"line":101,"column":38},"end":{"line":101,"column":84}},"locations":[{"start":{"line":101,"column":38},"end":{"line":101,"column":84}}]},"3":{"type":"branch","line":45,"loc":{"start":{"line":45,"column":14},"end":{"line":57,"column":7}},"locations":[{"start":{"line":45,"column":14},"end":{"line":57,"column":7}}]},"4":{"type":"branch","line":53,"loc":{"start":{"line":53,"column":15},"end":{"line":55,"column":10}},"locations":[{"start":{"line":53,"column":15},"end":{"line":55,"column":10}}]},"5":{"type":"branch","line":63,"loc":{"start":{"line":63,"column":27},"end":{"line":65,"column":6}},"locations":[{"start":{"line":63,"column":27},"end":{"line":65,"column":6}}]},"6":{"type":"branch","line":73,"loc":{"start":{"line":73,"column":26},"end":{"line":76,"column":6}},"locations":[{"start":{"line":73,"column":26},"end":{"line":76,"column":6}}]},"7":{"type":"branch","line":74,"loc":{"start":{"line":74,"column":24},"end":{"line":74,"column":92}},"locations":[{"start":{"line":74,"column":24},"end":{"line":74,"column":92}}]},"8":{"type":"branch","line":74,"loc":{"start":{"line":74,"column":74},"end":{"line":74,"column":92}},"locations":[{"start":{"line":74,"column":74},"end":{"line":74,"column":92}}]},"9":{"type":"branch","line":85,"loc":{"start":{"line":85,"column":22},"end":{"line":88,"column":6}},"locations":[{"start":{"line":85,"column":22},"end":{"line":88,"column":6}}]},"10":{"type":"branch","line":86,"loc":{"start":{"line":86,"column":24},"end":{"line":86,"column":92}},"locations":[{"start":{"line":86,"column":24},"end":{"line":86,"column":92}}]},"11":{"type":"branch","line":86,"loc":{"start":{"line":86,"column":70},"end":{"line":86,"column":78}},"locations":[{"start":{"line":86,"column":70},"end":{"line":86,"column":78}}]}},"b":{"0":[8],"1":[0],"2":[0],"3":[3],"4":[3],"5":[2],"6":[1],"7":[1],"8":[0],"9":[1],"10":[1],"11":[0]},"fnMap":{"0":{"name":"Carrousel","decl":{"start":{"line":20,"column":18},"end":{"line":131,"column":2}},"loc":{"start":{"line":20,"column":18},"end":{"line":131,"column":2}},"line":20},"1":{"name":"autoSlide","decl":{"start":{"line":42,"column":22},"end":{"line":44,"column":6}},"loc":{"start":{"line":42,"column":22},"end":{"line":44,"column":6}},"line":42},"2":{"name":"stopAutoScroll","decl":{"start":{"line":63,"column":27},"end":{"line":65,"column":6}},"loc":{"start":{"line":63,"column":27},"end":{"line":65,"column":6}},"line":63},"3":{"name":"previousClick","decl":{"start":{"line":73,"column":26},"end":{"line":76,"column":6}},"loc":{"start":{"line":73,"column":26},"end":{"line":76,"column":6}},"line":73},"4":{"name":"nextClick","decl":{"start":{"line":85,"column":22},"end":{"line":88,"column":6}},"loc":{"start":{"line":85,"column":22},"end":{"line":88,"column":6}},"line":85}},"f":{"0":8,"1":0,"2":2,"3":1,"4":1}}
,"/Users/alejandromartinpedraza/Downloads/TesteurLogiciel_appli_location_immobiliere_React-main/my-react-app/src/components/logementCard/LogementCard.jsx": {"path":"/Users/alejandromartinpedraza/Downloads/TesteurLogiciel_appli_location_immobiliere_React-main/my-react-app/src/components/logementCard/LogementCard.jsx","all":true,"statementMap":{"0":{"start":{"line":1,"column":0},"end":{"line":1,"column":64}},"1":{"start":{"line":2,"column":0},"end":{"line":2,"column":40}},"2":{"start":{"line":3,"column":0},"end":{"line":3,"column":55}},"3":{"start":{"line":4,"column":0},"end":{"line":4,"column":35}},"5":{"start":{"line":6,"column":0},"end":{"line":6,"column":51}},"6":{"start":{"line":7,"column":0},"end":{"line":7,"column":10}},"7":{"start":{"line":8,"column":0},"end":{"line":8,"column":58}},"8":{"start":{"line":9,"column":0},"end":{"line":9,"column":40}},"9":{"start":{"line":10,"column":0},"end":{"line":10,"column":22}},"10":{"start":{"line":11,"column":0},"end":{"line":11,"column":11}},"12":{"start":{"line":13,"column":0},"end":{"line":13,"column":2}},"15":{"start":{"line":16,"column":0},"end":{"line":16,"column":26}},"16":{"start":{"line":17,"column":0},"end":{"line":17,"column":34}},"17":{"start":{"line":18,"column":0},"end":{"line":18,"column":40}},"18":{"start":{"line":19,"column":0},"end":{"line":19,"column":37}},"19":{"start":{"line":20,"column":0},"end":{"line":20,"column":2}},"21":{"start":{"line":22,"column":0},"end":{"line":22,"column":28}}},"s":{"0":0,"1":0,"2":0,"3":0,"5":0,"6":0,"7":0,"8":0,"9":0,"10":0,"12":0,"15":0,"16":0,"17":0,"18":0,"19":0,"21":0},"branchMap":{"0":{"type":"branch","line":1,"loc":{"start":{"line":1,"column":327},"end":{"line":22,"column":-307}},"locations":[{"start":{"line":1,"column":327},"end":{"line":22,"column":-307}}]}},"b":{"0":[0]},"fnMap":{"0":{"name":"(empty-report)","decl":{"start":{"line":1,"column":327},"end":{"line":22,"column":-307}},"loc":{"start":{"line":1,"column":327},"end":{"line":22,"column":-307}},"line":1}},"f":{"0":0}}
,"/Users/alejandromartinpedraza/Downloads/TesteurLogiciel_appli_location_immobiliere_React-main/my-react-app/src/components/logementGallery/LogementGallery.jsx": {"path":"/Users/alejandromartinpedraza/Downloads/TesteurLogiciel_appli_location_immobiliere_React-main/my-react-app/src/components/logementGallery/LogementGallery.jsx","all":true,"statementMap":{"0":{"start":{"line":1,"column":0},"end":{"line":1,"column":64}},"1":{"start":{"line":2,"column":0},"end":{"line":2,"column":44}},"2":{"start":{"line":3,"column":0},"end":{"line":3,"column":60}},"3":{"start":{"line":4,"column":0},"end":{"line":4,"column":56}},"14":{"start":{"line":15,"column":0},"end":{"line":15,"column":28}},"20":{"start":{"line":21,"column":0},"end":{"line":21,"column":49}},"26":{"start":{"line":27,"column":0},"end":{"line":27,"column":19}},"27":{"start":{"line":28,"column":0},"end":{"line":28,"column":21}},"28":{"start":{"line":29,"column":0},"end":{"line":29,"column":25}},"29":{"start":{"line":30,"column":0},"end":{"line":30,"column":28}},"30":{"start":{"line":31,"column":0},"end":{"line":31,"column":3}},"31":{"start":{"line":32,"column":0},"end":{"line":32,"column":8}},"41":{"start":{"line":42,"column":0},"end":{"line":42,"column":10}},"42":{"start":{"line":43,"column":0},"end":{"line":43,"column":38}},"43":{"start":{"line":44,"column":0},"end":{"line":44,"column":50}},"44":{"start":{"line":45,"column":0},"end":{"line":45,"column":109}},"45":{"start":{"line":46,"column":0},"end":{"line":46,"column":9}},"46":{"start":{"line":47,"column":0},"end":{"line":47,"column":10}},"48":{"start":{"line":49,"column":0},"end":{"line":49,"column":2}},"50":{"start":{"line":51,"column":0},"end":{"line":51,"column":31}}},"s":{"0":0,"1":0,"2":0,"3":0,"14":0,"20":0,"26":0,"27":0,"28":0,"29":0,"30":0,"31":0,"41":0,"42":0,"43":0,"44":0,"45":0,"46":0,"48":0,"50":0},"branchMap":{"0":{"type":"branch","line":1,"loc":{"start":{"line":1,"column":1251},"end":{"line":51,"column":-131}},"locations":[{"start":{"line":1,"column":1251},"end":{"line":51,"column":-131}}]}},"b":{"0":[0]},"fnMap":{"0":{"name":"(empty-report)","decl":{"start":{"line":1,"column":1251},"end":{"line":51,"column":-131}},"loc":{"start":{"line":1,"column":1251},"end":{"line":51,"column":-131}},"line":1}},"f":{"0":0}}
,"/Users/alejandromartinpedraza/Downloads/TesteurLogiciel_appli_location_immobiliere_React-main/my-react-app/src/components/logoHome/LogoHome.jsx": {"path":"/Users/alejandromartinpedraza/Downloads/TesteurLogiciel_appli_location_immobiliere_React-main/my-react-app/src/components/logoHome/LogoHome.jsx","all":true,"statementMap":{},"s":{},"branchMap":{"0":{"type":"branch","line":1,"loc":{"start":{"line":1,"column":0},"end":{"line":1,"column":0}},"locations":[{"start":{"line":1,"column":0},"end":{"line":1,"column":0}}]}},"b":{"0":[1]},"fnMap":{"0":{"name":"(empty-report)","decl":{"start":{"line":1,"column":0},"end":{"line":1,"column":0}},"loc":{"start":{"line":1,"column":0},"end":{"line":1,"column":0}},"line":1}},"f":{"0":1}}
,"/Users/alejandromartinpedraza/Downloads/TesteurLogiciel_appli_location_immobiliere_React-main/my-react-app/src/components/logoMobil/LogoMobil.jsx": {"path":"/Users/alejandromartinpedraza/Downloads/TesteurLogiciel_appli_location_immobiliere_React-main/my-react-app/src/components/logoMobil/LogoMobil.jsx","all":true,"statementMap":{},"s":{},"branchMap":{"0":{"type":"branch","line":1,"loc":{"start":{"line":1,"column":0},"end":{"line":1,"column":0}},"locations":[{"start":{"line":1,"column":0},"end":{"line":1,"column":0}}]}},"b":{"0":[1]},"fnMap":{"0":{"name":"(empty-report)","decl":{"start":{"line":1,"column":0},"end":{"line":1,"column":0}},"loc":{"start":{"line":1,"column":0},"end":{"line":1,"column":0}},"line":1}},"f":{"0":1}}
,"/Users/alejandromartinpedraza/Downloads/TesteurLogiciel_appli_location_immobiliere_React-main/my-react-app/src/components/navHome/NavHome.jsx": {"path":"/Users/alejandromartinpedraza/Downloads/TesteurLogiciel_appli_location_immobiliere_React-main/my-react-app/src/components/navHome/NavHome.jsx","all":true,"statementMap":{},"s":{},"branchMap":{"0":{"type":"branch","line":1,"loc":{"start":{"line":1,"column":0},"end":{"line":1,"column":0}},"locations":[{"start":{"line":1,"column":0},"end":{"line":1,"column":0}}]}},"b":{"0":[1]},"fnMap":{"0":{"name":"(empty-report)","decl":{"start":{"line":1,"column":0},"end":{"line":1,"column":0}},"loc":{"start":{"line":1,"column":0},"end":{"line":1,"column":0}},"line":1}},"f":{"0":1}}
,"/Users/alejandromartinpedraza/Downloads/TesteurLogiciel_appli_location_immobiliere_React-main/my-react-app/src/components/navMobil/NavMobil.jsx": {"path":"/Users/alejandromartinpedraza/Downloads/TesteurLogiciel_appli_location_immobiliere_React-main/my-react-app/src/components/navMobil/NavMobil.jsx","all":true,"statementMap":{},"s":{},"branchMap":{"0":{"type":"branch","line":1,"loc":{"start":{"line":1,"column":0},"end":{"line":1,"column":0}},"locations":[{"start":{"line":1,"column":0},"end":{"line":1,"column":0}}]}},"b":{"0":[1]},"fnMap":{"0":{"name":"(empty-report)","decl":{"start":{"line":1,"column":0},"end":{"line":1,"column":0}},"loc":{"start":{"line":1,"column":0},"end":{"line":1,"column":0}},"line":1}},"f":{"0":1}}
,"/Users/alejandromartinpedraza/Downloads/TesteurLogiciel_appli_location_immobiliere_React-main/my-react-app/src/components/rating/Rating.jsx": {"path":"/Users/alejandromartinpedraza/Downloads/TesteurLogiciel_appli_location_immobiliere_React-main/my-react-app/src/components/rating/Rating.jsx","all":true,"statementMap":{"0":{"start":{"line":1,"column":0},"end":{"line":1,"column":64}},"1":{"start":{"line":2,"column":0},"end":{"line":2,"column":35}},"2":{"start":{"line":3,"column":0},"end":{"line":3,"column":56}},"3":{"start":{"line":4,"column":0},"end":{"line":4,"column":60}},"17":{"start":{"line":18,"column":0},"end":{"line":18,"column":30}},"21":{"start":{"line":22,"column":0},"end":{"line":22,"column":25}},"26":{"start":{"line":27,"column":0},"end":{"line":27,"column":24}},"30":{"start":{"line":31,"column":0},"end":{"line":31,"column":26}},"35":{"start":{"line":36,"column":0},"end":{"line":36,"column":50}},"36":{"start":{"line":37,"column":0},"end":{"line":37,"column":119}},"37":{"start":{"line":38,"column":0},"end":{"line":38,"column":5}},"42":{"start":{"line":43,"column":0},"end":{"line":43,"column":65}},"43":{"start":{"line":44,"column":0},"end":{"line":44,"column":128}},"44":{"start":{"line":45,"column":0},"end":{"line":45,"column":5}},"49":{"start":{"line":50,"column":0},"end":{"line":50,"column":12}},"50":{"start":{"line":51,"column":0},"end":{"line":51,"column":10}},"51":{"start":{"line":52,"column":0},"end":{"line":52,"column":24}},"52":{"start":{"line":53,"column":0},"end":{"line":53,"column":26}},"53":{"start":{"line":54,"column":0},"end":{"line":54,"column":11}},"55":{"start":{"line":56,"column":0},"end":{"line":56,"column":2}},"62":{"start":{"line":63,"column":0},"end":{"line":63,"column":20}},"63":{"start":{"line":64,"column":0},"end":{"line":64,"column":40}},"64":{"start":{"line":65,"column":0},"end":{"line":65,"column":2}},"66":{"start":{"line":67,"column":0},"end":{"line":67,"column":22}}},"s":{"0":0,"1":0,"2":0,"3":0,"17":0,"21":0,"26":0,"30":0,"35":0,"36":0,"37":0,"42":0,"43":0,"44":0,"49":0,"50":0,"51":0,"52":0,"53":0,"55":0,"62":0,"63":0,"64":0,"66":0},"branchMap":{"0":{"type":"branch","line":1,"loc":{"start":{"line":1,"column":2117},"end":{"line":67,"column":22}},"locations":[{"start":{"line":1,"column":2117},"end":{"line":67,"column":22}}]}},"b":{"0":[0]},"fnMap":{"0":{"name":"(empty-report)","decl":{"start":{"line":1,"column":2117},"end":{"line":67,"column":22}},"loc":{"start":{"line":1,"column":2117},"end":{"line":67,"column":22}},"line":1}},"f":{"0":0}}
,"/Users/alejandromartinpedraza/Downloads/TesteurLogiciel_appli_location_immobiliere_React-main/my-react-app/src/components/tags/Tags.jsx": {"path":"/Users/alejandromartinpedraza/Downloads/TesteurLogiciel_appli_location_immobiliere_React-main/my-react-app/src/components/tags/Tags.jsx","all":true,"statementMap":{"0":{"start":{"line":1,"column":0},"end":{"line":1,"column":64}},"1":{"start":{"line":2,"column":0},"end":{"line":2,"column":35}},"2":{"start":{"line":3,"column":0},"end":{"line":3,"column":39}},"15":{"start":{"line":16,"column":0},"end":{"line":16,"column":23}},"16":{"start":{"line":17,"column":0},"end":{"line":17,"column":42}},"17":{"start":{"line":18,"column":0},"end":{"line":18,"column":2}},"24":{"start":{"line":25,"column":0},"end":{"line":25,"column":18}},"25":{"start":{"line":26,"column":0},"end":{"line":26,"column":39}},"26":{"start":{"line":27,"column":0},"end":{"line":27,"column":2}},"28":{"start":{"line":29,"column":0},"end":{"line":29,"column":20}}},"s":{"0":0,"1":0,"2":0,"15":0,"16":0,"17":0,"24":0,"25":0,"26":0,"28":0},"branchMap":{"0":{"type":"branch","line":1,"loc":{"start":{"line":1,"column":474},"end":{"line":29,"column":-23}},"locations":[{"start":{"line":1,"column":474},"end":{"line":29,"column":-23}}]}},"b":{"0":[0]},"fnMap":{"0":{"name":"(empty-report)","decl":{"start":{"line":1,"column":474},"end":{"line":29,"column":-23}},"loc":{"start":{"line":1,"column":474},"end":{"line":29,"column":-23}},"line":1}},"f":{"0":0}}
,"/Users/alejandromartinpedraza/Downloads/TesteurLogiciel_appli_location_immobiliere_React-main/my-react-app/src/layout/bannerAbout/BannerAbout.jsx": {"path":"/Users/alejandromartinpedraza/Downloads/TesteurLogiciel_appli_location_immobiliere_React-main/my-react-app/src/layout/bannerAbout/BannerAbout.jsx","all":true,"statementMap":{"0":{"start":{"line":1,"column":0},"end":{"line":1,"column":64}},"1":{"start":{"line":2,"column":0},"end":{"line":2,"column":82}},"12":{"start":{"line":13,"column":0},"end":{"line":13,"column":24}},"16":{"start":{"line":17,"column":0},"end":{"line":17,"column":12}},"17":{"start":{"line":18,"column":0},"end":{"line":18,"column":37}},"19":{"start":{"line":20,"column":0},"end":{"line":20,"column":92}},"21":{"start":{"line":22,"column":0},"end":{"line":22,"column":53}},"23":{"start":{"line":24,"column":0},"end":{"line":24,"column":14}},"25":{"start":{"line":26,"column":0},"end":{"line":26,"column":2}},"27":{"start":{"line":28,"column":0},"end":{"line":28,"column":27}}},"s":{"0":0,"1":0,"12":0,"16":0,"17":0,"19":0,"21":0,"23":0,"25":0,"27":0},"branchMap":{"0":{"type":"branch","line":1,"loc":{"start":{"line":1,"column":544},"end":{"line":28,"column":-162}},"locations":[{"start":{"line":1,"column":544},"end":{"line":28,"column":-162}}]}},"b":{"0":[0]},"fnMap":{"0":{"name":"(empty-report)","decl":{"start":{"line":1,"column":544},"end":{"line":28,"column":-162}},"loc":{"start":{"line":1,"column":544},"end":{"line":28,"column":-162}},"line":1}},"f":{"0":0}}
,"/Users/alejandromartinpedraza/Downloads/TesteurLogiciel_appli_location_immobiliere_React-main/my-react-app/src/layout/bannerHome/BannerHome.jsx": {"path":"/Users/alejandromartinpedraza/Downloads/TesteurLogiciel_appli_location_immobiliere_React-main/my-react-app/src/layout/bannerHome/BannerHome.jsx","all":true,"statementMap":{"0":{"start":{"line":1,"column":0},"end":{"line":1,"column":64}},"1":{"start":{"line":2,"column":0},"end":{"line":2,"column":52}},"2":{"start":{"line":3,"column":0},"end":{"line":3,"column":47}},"12":{"start":{"line":13,"column":0},"end":{"line":13,"column":23}},"16":{"start":{"line":17,"column":0},"end":{"line":17,"column":10}},"17":{"start":{"line":18,"column":0},"end":{"line":18,"column":28}},"19":{"start":{"line":20,"column":0},"end":{"line":20,"column":82}},"21":{"start":{"line":22,"column":0},"end":{"line":22,"column":50}},"23":{"start":{"line":24,"column":0},"end":{"line":24,"column":47}},"25":{"start":{"line":26,"column":0},"end":{"line":26,"column":10}},"27":{"start":{"line":28,"column":0},"end":{"line":28,"column":2}},"29":{"start":{"line":30,"column":0},"end":{"line":30,"column":26}}},"s":{"0":0,"1":0,"2":0,"12":0,"16":0,"17":0,"19":0,"21":0,"23":0,"25":0,"27":0,"29":0},"branchMap":{"0":{"type":"branch","line":1,"loc":{"start":{"line":1,"column":547},"end":{"line":30,"column":-196}},"locations":[{"start":{"line":1,"column":547},"end":{"line":30,"column":-196}}]}},"b":{"0":[0]},"fnMap":{"0":{"name":"(empty-report)","decl":{"start":{"line":1,"column":547},"end":{"line":30,"column":-196}},"loc":{"start":{"line":1,"column":547},"end":{"line":30,"column":-196}},"line":1}},"f":{"0":0}}
,"/Users/alejandromartinpedraza/Downloads/TesteurLogiciel_appli_location_immobiliere_React-main/my-react-app/src/layout/footer/Footer.jsx": {"path":"/Users/alejandromartinpedraza/Downloads/TesteurLogiciel_appli_location_immobiliere_React-main/my-react-app/src/layout/footer/Footer.jsx","all":false,"statementMap":{"1":{"start":{"line":2,"column":0},"end":{"line":2,"column":64}},"2":{"start":{"line":3,"column":0},"end":{"line":3,"column":43}},"3":{"start":{"line":4,"column":0},"end":{"line":4,"column":53}},"4":{"start":{"line":5,"column":0},"end":{"line":5,"column":39}},"14":{"start":{"line":15,"column":0},"end":{"line":15,"column":19}},"18":{"start":{"line":19,"column":0},"end":{"line":19,"column":10}},"19":{"start":{"line":20,"column":0},"end":{"line":20,"column":28}},"21":{"start":{"line":22,"column":0},"end":{"line":22,"column":26}},"22":{"start":{"line":23,"column":0},"end":{"line":23,"column":77}},"23":{"start":{"line":24,"column":0},"end":{"line":24,"column":18}},"25":{"start":{"line":26,"column":0},"end":{"line":26,"column":38}},"27":{"start":{"line":28,"column":0},"end":{"line":28,"column":14}},"29":{"start":{"line":30,"column":0},"end":{"line":30,"column":10}},"31":{"start":{"line":32,"column":0},"end":{"line":32,"column":2}},"33":{"start":{"line":34,"column":0},"end":{"line":34,"column":22}}},"s":{"1":1,"2":1,"3":1,"4":1,"14":1,"18":1,"19":1,"21":1,"22":1,"23":1,"25":1,"27":1,"29":1,"31":1,"33":1},"branchMap":{"0":{"type":"branch","line":15,"loc":{"start":{"line":15,"column":0},"end":{"line":32,"column":1}},"locations":[{"start":{"line":15,"column":0},"end":{"line":32,"column":1}}]}},"b":{"0":[1]},"fnMap":{"0":{"name":"Footer","decl":{"start":{"line":15,"column":0},"end":{"line":32,"column":1}},"loc":{"start":{"line":15,"column":0},"end":{"line":32,"column":1}},"line":15}},"f":{"0":1}}
,"/Users/alejandromartinpedraza/Downloads/TesteurLogiciel_appli_location_immobiliere_React-main/my-react-app/src/layout/header/Header.jsx": {"path":"/Users/alejandromartinpedraza/Downloads/TesteurLogiciel_appli_location_immobiliere_React-main/my-react-app/src/layout/header/Header.jsx","all":true,"statementMap":{"0":{"start":{"line":1,"column":0},"end":{"line":1,"column":64}},"1":{"start":{"line":2,"column":0},"end":{"line":2,"column":43}},"2":{"start":{"line":3,"column":0},"end":{"line":3,"column":41}},"3":{"start":{"line":4,"column":0},"end":{"line":4,"column":39}},"13":{"start":{"line":14,"column":0},"end":{"line":14,"column":19}},"19":{"start":{"line":20,"column":0},"end":{"line":20,"column":12}},"20":{"start":{"line":21,"column":0},"end":{"line":21,"column":16}},"21":{"start":{"line":22,"column":0},"end":{"line":22,"column":30}},"22":{"start":{"line":23,"column":0},"end":{"line":23,"column":70}},"23":{"start":{"line":24,"column":0},"end":{"line":24,"column":22}},"25":{"start":{"line":26,"column":0},"end":{"line":26,"column":43}},"27":{"start":{"line":28,"column":0},"end":{"line":28,"column":74}},"28":{"start":{"line":29,"column":0},"end":{"line":29,"column":66}},"30":{"start":{"line":31,"column":0},"end":{"line":31,"column":26}},"32":{"start":{"line":33,"column":0},"end":{"line":33,"column":79}},"33":{"start":{"line":34,"column":0},"end":{"line":34,"column":66}},"35":{"start":{"line":36,"column":0},"end":{"line":36,"column":26}},"36":{"start":{"line":37,"column":0},"end":{"line":37,"column":18}},"38":{"start":{"line":39,"column":0},"end":{"line":39,"column":17}},"40":{"start":{"line":41,"column":0},"end":{"line":41,"column":2}},"42":{"start":{"line":43,"column":0},"end":{"line":43,"column":22}}},"s":{"0":0,"1":0,"2":0,"3":0,"13":0,"19":0,"20":0,"21":0,"22":0,"23":0,"25":0,"27":0,"28":0,"30":0,"32":0,"33":0,"35":0,"36":0,"38":0,"40":0,"42":0},"branchMap":{"0":{"type":"branch","line":1,"loc":{"start":{"line":1,"column":744},"end":{"line":43,"column":-482}},"locations":[{"start":{"line":1,"column":744},"end":{"line":43,"column":-482}}]}},"b":{"0":[0]},"fnMap":{"0":{"name":"(empty-report)","decl":{"start":{"line":1,"column":744},"end":{"line":43,"column":-482}},"loc":{"start":{"line":1,"column":744},"end":{"line":43,"column":-482}},"line":1}},"f":{"0":0}}
,"/Users/alejandromartinpedraza/Downloads/TesteurLogiciel_appli_location_immobiliere_React-main/my-react-app/src/layout/mainContent/MainContent.jsx": {"path":"/Users/alejandromartinpedraza/Downloads/TesteurLogiciel_appli_location_immobiliere_React-main/my-react-app/src/layout/mainContent/MainContent.jsx","all":true,"statementMap":{"14":{"start":{"line":15,"column":0},"end":{"line":15,"column":35}},"15":{"start":{"line":16,"column":0},"end":{"line":16,"column":49}},"16":{"start":{"line":17,"column":0},"end":{"line":17,"column":34}},"17":{"start":{"line":18,"column":0},"end":{"line":18,"column":58}},"18":{"start":{"line":19,"column":0},"end":{"line":19,"column":4}},"19":{"start":{"line":20,"column":0},"end":{"line":20,"column":27}},"20":{"start":{"line":21,"column":0},"end":{"line":21,"column":40}},"21":{"start":{"line":22,"column":0},"end":{"line":22,"column":4}},"23":{"start":{"line":24,"column":0},"end":{"line":24,"column":29}}},"s":{"14":0,"15":0,"16":0,"17":0,"18":0,"19":0,"20":0,"21":0,"23":0},"branchMap":{"0":{"type":"branch","line":1,"loc":{"start":{"line":1,"column":513},"end":{"line":24,"column":-130}},"locations":[{"start":{"line":1,"column":513},"end":{"line":24,"column":-130}}]}},"b":{"0":[1]},"fnMap":{"0":{"name":"(empty-report)","decl":{"start":{"line":1,"column":513},"end":{"line":24,"column":-130}},"loc":{"start":{"line":1,"column":513},"end":{"line":24,"column":-130}},"line":1}},"f":{"0":1}}
,"/Users/alejandromartinpedraza/Downloads/TesteurLogiciel_appli_location_immobiliere_React-main/my-react-app/src/pages/AboutPage/AboutPage.jsx": {"path":"/Users/alejandromartinpedraza/Downloads/TesteurLogiciel_appli_location_immobiliere_React-main/my-react-app/src/pages/AboutPage/AboutPage.jsx","all":true,"statementMap":{"0":{"start":{"line":1,"column":0},"end":{"line":1,"column":64}},"1":{"start":{"line":2,"column":0},"end":{"line":2,"column":67}},"2":{"start":{"line":3,"column":0},"end":{"line":3,"column":50}},"3":{"start":{"line":4,"column":0},"end":{"line":4,"column":62}},"4":{"start":{"line":5,"column":0},"end":{"line":5,"column":41}},"5":{"start":{"line":6,"column":0},"end":{"line":6,"column":45}},"6":{"start":{"line":7,"column":0},"end":{"line":7,"column":39}},"17":{"start":{"line":18,"column":0},"end":{"line":18,"column":25}},"23":{"start":{"line":24,"column":0},"end":{"line":24,"column":10}},"24":{"start":{"line":25,"column":0},"end":{"line":25,"column":6}},"26":{"start":{"line":27,"column":0},"end":{"line":27,"column":29}},"27":{"start":{"line":28,"column":0},"end":{"line":28,"column":21}},"28":{"start":{"line":29,"column":0},"end":{"line":29,"column":32}},"29":{"start":{"line":30,"column":0},"end":{"line":30,"column":60}},"30":{"start":{"line":31,"column":0},"end":{"line":31,"column":55}},"31":{"start":{"line":32,"column":0},"end":{"line":32,"column":41}},"32":{"start":{"line":33,"column":0},"end":{"line":33,"column":41}},"33":{"start":{"line":34,"column":0},"end":{"line":34,"column":21}},"35":{"start":{"line":36,"column":0},"end":{"line":36,"column":11}},"36":{"start":{"line":37,"column":0},"end":{"line":37,"column":15}},"38":{"start":{"line":39,"column":0},"end":{"line":39,"column":12}},"39":{"start":{"line":40,"column":0},"end":{"line":40,"column":8}},"41":{"start":{"line":42,"column":0},"end":{"line":42,"column":2}},"43":{"start":{"line":44,"column":0},"end":{"line":44,"column":25}}},"s":{"0":0,"1":0,"2":0,"3":0,"4":0,"5":0,"6":0,"17":0,"23":0,"24":0,"26":0,"27":0,"28":0,"29":0,"30":0,"31":0,"32":0,"33":0,"35":0,"36":0,"38":0,"39":0,"41":0,"43":0},"branchMap":{"0":{"type":"branch","line":1,"loc":{"start":{"line":1,"column":880},"end":{"line":44,"column":-350}},"locations":[{"start":{"line":1,"column":880},"end":{"line":44,"column":-350}}]}},"b":{"0":[0]},"fnMap":{"0":{"name":"(empty-report)","decl":{"start":{"line":1,"column":880},"end":{"line":44,"column":-350}},"loc":{"start":{"line":1,"column":880},"end":{"line":44,"column":-350}},"line":1}},"f":{"0":0}}
,"/Users/alejandromartinpedraza/Downloads/TesteurLogiciel_appli_location_immobiliere_React-main/my-react-app/src/pages/ErrorPage/ErrorPage.jsx": {"path":"/Users/alejandromartinpedraza/Downloads/TesteurLogiciel_appli_location_immobiliere_React-main/my-react-app/src/pages/ErrorPage/ErrorPage.jsx","all":true,"statementMap":{"0":{"start":{"line":1,"column":0},"end":{"line":1,"column":64}},"1":{"start":{"line":2,"column":0},"end":{"line":2,"column":45}},"2":{"start":{"line":3,"column":0},"end":{"line":3,"column":44}},"3":{"start":{"line":4,"column":0},"end":{"line":4,"column":37}},"4":{"start":{"line":5,"column":0},"end":{"line":5,"column":10}},"5":{"start":{"line":6,"column":0},"end":{"line":6,"column":32}},"7":{"start":{"line":8,"column":0},"end":{"line":8,"column":10}},"8":{"start":{"line":9,"column":0},"end":{"line":9,"column":69}},"9":{"start":{"line":10,"column":0},"end":{"line":10,"column":87}},"10":{"start":{"line":11,"column":0},"end":{"line":11,"column":113}},"11":{"start":{"line":12,"column":0},"end":{"line":12,"column":11}},"13":{"start":{"line":14,"column":0},"end":{"line":14,"column":10}},"15":{"start":{"line":16,"column":0},"end":{"line":16,"column":1}}},"s":{"0":0,"1":0,"2":0,"3":0,"4":0,"5":0,"7":0,"8":0,"9":0,"10":0,"11":0,"13":0,"15":0},"branchMap":{"0":{"type":"branch","line":1,"loc":{"start":{"line":1,"column":265},"end":{"line":16,"column":-310}},"locations":[{"start":{"line":1,"column":265},"end":{"line":16,"column":-310}}]}},"b":{"0":[0]},"fnMap":{"0":{"name":"(empty-report)","decl":{"start":{"line":1,"column":265},"end":{"line":16,"column":-310}},"loc":{"start":{"line":1,"column":265},"end":{"line":16,"column":-310}},"line":1}},"f":{"0":0}}
,"/Users/alejandromartinpedraza/Downloads/TesteurLogiciel_appli_location_immobiliere_React-main/my-react-app/src/pages/FicheLogement/FicheLogement.jsx": {"path":"/Users/alejandromartinpedraza/Downloads/TesteurLogiciel_appli_location_immobiliere_React-main/my-react-app/src/pages/FicheLogement/FicheLogement.jsx","all":true,"statementMap":{"1":{"start":{"line":2,"column":0},"end":{"line":2,"column":64}},"2":{"start":{"line":3,"column":0},"end":{"line":3,"column":44}},"3":{"start":{"line":4,"column":0},"end":{"line":4,"column":58}},"4":{"start":{"line":5,"column":0},"end":{"line":5,"column":65}},"5":{"start":{"line":6,"column":0},"end":{"line":6,"column":50}},"6":{"start":{"line":7,"column":0},"end":{"line":7,"column":56}},"7":{"start":{"line":8,"column":0},"end":{"line":8,"column":62}},"8":{"start":{"line":9,"column":0},"end":{"line":9,"column":56}},"9":{"start":{"line":10,"column":0},"end":{"line":10,"column":52}},"10":{"start":{"line":11,"column":0},"end":{"line":11,"column":26}},"12":{"start":{"line":13,"column":0},"end":{"line":13,"column":27}},"13":{"start":{"line":14,"column":0},"end":{"line":14,"column":57}},"14":{"start":{"line":15,"column":0},"end":{"line":15,"column":30}},"18":{"start":{"line":19,"column":0},"end":{"line":19,"column":19}},"20":{"start":{"line":21,"column":0},"end":{"line":21,"column":25}},"21":{"start":{"line":22,"column":0},"end":{"line":22,"column":25}},"22":{"start":{"line":23,"column":0},"end":{"line":23,"column":29}},"23":{"start":{"line":24,"column":0},"end":{"line":24,"column":36}},"24":{"start":{"line":25,"column":0},"end":{"line":25,"column":18}},"25":{"start":{"line":26,"column":0},"end":{"line":26,"column":6}},"26":{"start":{"line":27,"column":0},"end":{"line":27,"column":13}},"27":{"start":{"line":28,"column":0},"end":{"line":28,"column":33}},"28":{"start":{"line":29,"column":0},"end":{"line":29,"column":12}},"29":{"start":{"line":30,"column":0},"end":{"line":30,"column":32}},"31":{"start":{"line":32,"column":0},"end":{"line":32,"column":20}},"33":{"start":{"line":34,"column":0},"end":{"line":34,"column":10}},"34":{"start":{"line":35,"column":0},"end":{"line":35,"column":9}},"35":{"start":{"line":36,"column":0},"end":{"line":36,"column":33}},"36":{"start":{"line":37,"column":0},"end":{"line":37,"column":73}},"39":{"start":{"line":40,"column":0},"end":{"line":40,"column":57}},"40":{"start":{"line":41,"column":0},"end":{"line":41,"column":66}},"41":{"start":{"line":42,"column":0},"end":{"line":42,"column":76}},"42":{"start":{"line":43,"column":0},"end":{"line":43,"column":62}},"43":{"start":{"line":44,"column":0},"end":{"line":44,"column":65}},"44":{"start":{"line":45,"column":0},"end":{"line":45,"column":86}},"45":{"start":{"line":46,"column":0},"end":{"line":46,"column":75}},"46":{"start":{"line":47,"column":0},"end":{"line":47,"column":65}},"47":{"start":{"line":48,"column":0},"end":{"line":48,"column":37}},"48":{"start":{"line":49,"column":0},"end":{"line":49,"column":36}},"49":{"start":{"line":50,"column":0},"end":{"line":50,"column":32}},"51":{"start":{"line":52,"column":0},"end":{"line":52,"column":82}},"52":{"start":{"line":53,"column":0},"end":{"line":53,"column":92}},"53":{"start":{"line":54,"column":0},"end":{"line":54,"column":70}},"54":{"start":{"line":55,"column":0},"end":{"line":55,"column":100}},"55":{"start":{"line":56,"column":0},"end":{"line":56,"column":36}},"56":{"start":{"line":57,"column":0},"end":{"line":57,"column":54}},"57":{"start":{"line":58,"column":0},"end":{"line":58,"column":88}},"58":{"start":{"line":59,"column":0},"end":{"line":59,"column":36}},"59":{"start":{"line":60,"column":0},"end":{"line":60,"column":32}},"60":{"start":{"line":61,"column":0},"end":{"line":61,"column":28}},"62":{"start":{"line":63,"column":0},"end":{"line":63,"column":69}},"63":{"start":{"line":64,"column":0},"end":{"line":64,"column":94}},"64":{"start":{"line":65,"column":0},"end":{"line":65,"column":55}},"65":{"start":{"line":66,"column":0},"end":{"line":66,"column":34}},"66":{"start":{"line":67,"column":0},"end":{"line":67,"column":83}},"67":{"start":{"line":68,"column":0},"end":{"line":68,"column":66}},"68":{"start":{"line":69,"column":0},"end":{"line":69,"column":37}},"69":{"start":{"line":70,"column":0},"end":{"line":70,"column":35}},"70":{"start":{"line":71,"column":0},"end":{"line":71,"column":38}},"71":{"start":{"line":72,"column":0},"end":{"line":72,"column":29}},"72":{"start":{"line":73,"column":0},"end":{"line":73,"column":24}},"73":{"start":{"line":74,"column":0},"end":{"line":74,"column":20}},"74":{"start":{"line":75,"column":0},"end":{"line":75,"column":10}},"76":{"start":{"line":77,"column":0},"end":{"line":77,"column":1}},"78":{"start":{"line":79,"column":0},"end":{"line":79,"column":58}}},"s":{"1":0,"2":0,"3":0,"4":0,"5":0,"6":0,"7":0,"8":0,"9":0,"10":0,"12":0,"13":0,"14":0,"18":0,"20":0,"21":0,"22":0,"23":0,"24":0,"25":0,"26":0,"27":0,"28":0,"29":0,"31":0,"33":0,"34":0,"35":0,"36":0,"39":0,"40":0,"41":0,"42":0,"43":0,"44":0,"45":0,"46":0,"47":0,"48":0,"49":0,"51":0,"52":0,"53":0,"54":0,"55":0,"56":0,"57":0,"58":0,"59":0,"60":0,"62":0,"63":0,"64":0,"65":0,"66":0,"67":0,"68":0,"69":0,"70":0,"71":0,"72":0,"73":0,"74":0,"76":0,"78":0},"branchMap":{"0":{"type":"branch","line":1,"loc":{"start":{"line":1,"column":1299},"end":{"line":79,"column":-1629}},"locations":[{"start":{"line":1,"column":1299},"end":{"line":79,"column":-1629}}]}},"b":{"0":[1]},"fnMap":{"0":{"name":"(empty-report)","decl":{"start":{"line":1,"column":1299},"end":{"line":79,"column":-1629}},"loc":{"start":{"line":1,"column":1299},"end":{"line":79,"column":-1629}},"line":1}},"f":{"0":1}}
,"/Users/alejandromartinpedraza/Downloads/TesteurLogiciel_appli_location_immobiliere_React-main/my-react-app/src/pages/HomePage/HomePage.jsx": {"path":"/Users/alejandromartinpedraza/Downloads/TesteurLogiciel_appli_location_immobiliere_React-main/my-react-app/src/pages/HomePage/HomePage.jsx","all":true,"statementMap":{"0":{"start":{"line":1,"column":0},"end":{"line":1,"column":64}},"1":{"start":{"line":2,"column":0},"end":{"line":2,"column":43}},"2":{"start":{"line":3,"column":0},"end":{"line":3,"column":49}},"3":{"start":{"line":4,"column":0},"end":{"line":4,"column":64}},"4":{"start":{"line":5,"column":0},"end":{"line":5,"column":75}},"6":{"start":{"line":7,"column":0},"end":{"line":7,"column":61}},"19":{"start":{"line":20,"column":0},"end":{"line":20,"column":21}},"28":{"start":{"line":29,"column":0},"end":{"line":29,"column":10}},"29":{"start":{"line":30,"column":0},"end":{"line":30,"column":6}},"31":{"start":{"line":32,"column":0},"end":{"line":32,"column":38}},"32":{"start":{"line":33,"column":0},"end":{"line":33,"column":20}},"33":{"start":{"line":34,"column":0},"end":{"line":34,"column":18}},"34":{"start":{"line":35,"column":0},"end":{"line":35,"column":12}},"36":{"start":{"line":37,"column":0},"end":{"line":37,"column":7}},"38":{"start":{"line":39,"column":0},"end":{"line":39,"column":1}},"40":{"start":{"line":41,"column":0},"end":{"line":41,"column":24}}},"s":{"0":0,"1":0,"2":0,"3":0,"4":0,"6":0,"19":0,"28":0,"29":0,"31":0,"32":0,"33":0,"34":0,"36":0,"38":0,"40":0},"branchMap":{"0":{"type":"branch","line":1,"loc":{"start":{"line":1,"column":1293},"end":{"line":41,"column":-48}},"locations":[{"start":{"line":1,"column":1293},"end":{"line":41,"column":-48}}]}},"b":{"0":[0]},"fnMap":{"0":{"name":"(empty-report)","decl":{"start":{"line":1,"column":1293},"end":{"line":41,"column":-48}},"loc":{"start":{"line":1,"column":1293},"end":{"line":41,"column":-48}},"line":1}},"f":{"0":0}}
,"/Users/alejandromartinpedraza/Downloads/TesteurLogiciel_appli_location_immobiliere_React-main/my-react-app/src/services/API.js": {"path":"/Users/alejandromartinpedraza/Downloads/TesteurLogiciel_appli_location_immobiliere_React-main/my-react-app/src/services/API.js","all":true,"statementMap":{"0":{"start":{"line":1,"column":0},"end":{"line":1,"column":51}},"1":{"start":{"line":2,"column":0},"end":{"line":2,"column":20}},"2":{"start":{"line":3,"column":0},"end":{"line":3,"column":53}},"3":{"start":{"line":4,"column":0},"end":{"line":4,"column":1}},"4":{"start":{"line":5,"column":0},"end":{"line":5,"column":12}},"6":{"start":{"line":7,"column":0},"end":{"line":7,"column":10}},"7":{"start":{"line":8,"column":0},"end":{"line":8,"column":85}},"8":{"start":{"line":9,"column":0},"end":{"line":9,"column":2}},"9":{"start":{"line":10,"column":0},"end":{"line":10,"column":13}},"10":{"start":{"line":11,"column":0},"end":{"line":11,"column":2}},"12":{"start":{"line":13,"column":0},"end":{"line":13,"column":43}},"13":{"start":{"line":14,"column":0},"end":{"line":14,"column":25}},"14":{"start":{"line":15,"column":0},"end":{"line":15,"column":66}},"15":{"start":{"line":16,"column":0},"end":{"line":16,"column":6}},"16":{"start":{"line":17,"column":0},"end":{"line":17,"column":15}},"17":{"start":{"line":18,"column":0},"end":{"line":18,"column":12}},"18":{"start":{"line":19,"column":0},"end":{"line":19,"column":85}},"19":{"start":{"line":20,"column":0},"end":{"line":20,"column":6}},"20":{"start":{"line":21,"column":0},"end":{"line":21,"column":38}},"21":{"start":{"line":22,"column":0},"end":{"line":22,"column":11}},"22":{"start":{"line":23,"column":0},"end":{"line":23,"column":77}},"23":{"start":{"line":24,"column":0},"end":{"line":24,"column":33}},"24":{"start":{"line":25,"column":0},"end":{"line":25,"column":23}},"25":{"start":{"line":26,"column":0},"end":{"line":26,"column":31}},"26":{"start":{"line":27,"column":0},"end":{"line":27,"column":7}},"27":{"start":{"line":28,"column":0},"end":{"line":28,"column":3}},"28":{"start":{"line":29,"column":0},"end":{"line":29,"column":29}},"30":{"start":{"line":31,"column":0},"end":{"line":31,"column":4}},"31":{"start":{"line":32,"column":0},"end":{"line":32,"column":45}},"32":{"start":{"line":33,"column":0},"end":{"line":33,"column":25}},"33":{"start":{"line":34,"column":0},"end":{"line":34,"column":90}},"34":{"start":{"line":35,"column":0},"end":{"line":35,"column":6}},"35":{"start":{"line":36,"column":0},"end":{"line":36,"column":15}},"36":{"start":{"line":37,"column":0},"end":{"line":37,"column":12}},"37":{"start":{"line":38,"column":0},"end":{"line":38,"column":56}},"38":{"start":{"line":39,"column":0},"end":{"line":39,"column":74}},"39":{"start":{"line":40,"column":0},"end":{"line":40,"column":6}},"40":{"start":{"line":41,"column":0},"end":{"line":41,"column":40}},"41":{"start":{"line":42,"column":0},"end":{"line":42,"column":13}},"42":{"start":{"line":43,"column":0},"end":{"line":43,"column":86}},"43":{"start":{"line":44,"column":0},"end":{"line":44,"column":47}},"44":{"start":{"line":45,"column":0},"end":{"line":45,"column":26}},"45":{"start":{"line":46,"column":0},"end":{"line":46,"column":25}},"46":{"start":{"line":47,"column":0},"end":{"line":47,"column":33}},"47":{"start":{"line":48,"column":0},"end":{"line":48,"column":24}},"48":{"start":{"line":49,"column":0},"end":{"line":49,"column":9}},"49":{"start":{"line":50,"column":0},"end":{"line":50,"column":5}},"50":{"start":{"line":51,"column":0},"end":{"line":51,"column":31}}},"s":{"0":0,"1":0,"2":0,"3":0,"4":0,"6":0,"7":0,"8":0,"9":0,"10":0,"12":0,"13":0,"14":0,"15":0,"16":0,"17":0,"18":0,"19":0,"20":0,"21":0,"22":0,"23":0,"24":0,"25":0,"26":0,"27":0,"28":0,"30":0,"31":0,"32":0,"33":0,"34":0,"35":0,"36":0,"37":0,"38":0,"39":0,"40":0,"41":0,"42":0,"43":0,"44":0,"45":0,"46":0,"47":0,"48":0,"49":0,"50":0},"branchMap":{"0":{"type":"branch","line":1,"loc":{"start":{"line":1,"column":0},"end":{"line":51,"column":-76}},"locations":[{"start":{"line":1,"column":0},"end":{"line":51,"column":-76}}]}},"b":{"0":[0]},"fnMap":{"0":{"name":"(empty-report)","decl":{"start":{"line":1,"column":0},"end":{"line":51,"column":-76}},"loc":{"start":{"line":1,"column":0},"end":{"line":51,"column":-76}},"line":1}},"f":{"0":0}}
}
